2025-05-29 20:24:12,549 - DEBUG - STREAM b'IHDR' 16 13
2025-05-29 20:24:12,550 - DEBUG - STREAM b'gAMA' 41 4
2025-05-29 20:24:12,551 - DEBUG - STREAM b'iCCP' 57 2633
2025-05-29 20:24:12,552 - DEBUG - iCCP profile name b'sRGB IEC61966-2.1'
2025-05-29 20:24:12,553 - DEBUG - Compression method 0
2025-05-29 20:24:12,553 - DEBUG - STREAM b'cHRM' 2702 32
2025-05-29 20:24:12,553 - DEBUG - STREAM b'pHYs' 2746 9
2025-05-29 20:24:12,554 - DEBUG - STREAM b'IDAT' 2767 16562
2025-05-29 20:24:12,610 - DEBUG - STREAM b'IHDR' 16 13
2025-05-29 20:24:12,613 - DEBUG - STREAM b'gAMA' 41 4
2025-05-29 20:24:12,613 - DEBUG - STREAM b'iCCP' 57 2633
2025-05-29 20:24:12,615 - DEBUG - iCCP profile name b'sRGB IEC61966-2.1'
2025-05-29 20:24:12,616 - DEBUG - Compression method 0
2025-05-29 20:24:12,621 - DEBUG - STREAM b'cHRM' 2702 32
2025-05-29 20:24:12,624 - DEBUG - STREAM b'pHYs' 2746 9
2025-05-29 20:24:12,629 - DEBUG - STREAM b'IDAT' 2767 86423
2025-05-29 20:30:58,017 - DEBUG - STREAM b'IHDR' 16 13
2025-05-29 20:30:58,018 - DEBUG - STREAM b'gAMA' 41 4
2025-05-29 20:30:58,018 - DEBUG - STREAM b'iCCP' 57 2633
2025-05-29 20:30:58,019 - DEBUG - iCCP profile name b'sRGB IEC61966-2.1'
2025-05-29 20:30:58,019 - DEBUG - Compression method 0
2025-05-29 20:30:58,020 - DEBUG - STREAM b'cHRM' 2702 32
2025-05-29 20:30:58,021 - DEBUG - STREAM b'pHYs' 2746 9
2025-05-29 20:30:58,021 - DEBUG - STREAM b'IDAT' 2767 16562
2025-05-29 20:30:58,049 - DEBUG - STREAM b'IHDR' 16 13
2025-05-29 20:30:58,049 - DEBUG - STREAM b'gAMA' 41 4
2025-05-29 20:30:58,050 - DEBUG - STREAM b'iCCP' 57 2633
2025-05-29 20:30:58,050 - DEBUG - iCCP profile name b'sRGB IEC61966-2.1'
2025-05-29 20:30:58,051 - DEBUG - Compression method 0
2025-05-29 20:30:58,052 - DEBUG - STREAM b'cHRM' 2702 32
2025-05-29 20:30:58,052 - DEBUG - STREAM b'pHYs' 2746 9
2025-05-29 20:30:58,053 - DEBUG - STREAM b'IDAT' 2767 86423
2025-05-29 20:31:21,617 - DEBUG - Win Rate clicked!
2025-05-29 20:31:26,061 - DEBUG - Win Rate clicked!
2025-05-29 20:31:30,845 - DEBUG - Chain Start clicked!
2025-05-29 20:31:31,752 - DEBUG - Win Rate clicked!
2025-05-29 20:32:37,842 - DEBUG - Win Rate clicked!
2025-05-29 20:32:39,660 - DEBUG - Chain Start clicked!
2025-05-29 20:33:33,337 - DEBUG - Win Rate clicked!
2025-05-29 20:33:35,095 - DEBUG - Chain Start clicked!
2025-05-29 20:34:38,073 - DEBUG - STREAM b'IHDR' 16 13
2025-05-29 20:34:38,074 - DEBUG - STREAM b'gAMA' 41 4
2025-05-29 20:34:38,074 - DEBUG - STREAM b'iCCP' 57 2633
2025-05-29 20:34:38,074 - DEBUG - iCCP profile name b'sRGB IEC61966-2.1'
2025-05-29 20:34:38,074 - DEBUG - Compression method 0
2025-05-29 20:34:38,074 - DEBUG - STREAM b'cHRM' 2702 32
2025-05-29 20:34:38,075 - DEBUG - STREAM b'pHYs' 2746 9
2025-05-29 20:34:38,075 - DEBUG - STREAM b'IDAT' 2767 16562
2025-05-29 20:34:38,105 - DEBUG - STREAM b'IHDR' 16 13
2025-05-29 20:34:38,107 - DEBUG - STREAM b'gAMA' 41 4
2025-05-29 20:34:38,109 - DEBUG - STREAM b'iCCP' 57 2633
2025-05-29 20:34:38,111 - DEBUG - iCCP profile name b'sRGB IEC61966-2.1'
2025-05-29 20:34:38,111 - DEBUG - Compression method 0
2025-05-29 20:34:38,113 - DEBUG - STREAM b'cHRM' 2702 32
2025-05-29 20:34:38,114 - DEBUG - STREAM b'pHYs' 2746 9
2025-05-29 20:34:38,115 - DEBUG - STREAM b'IDAT' 2767 86423
2025-05-29 20:38:22,083 - DEBUG - STREAM b'IHDR' 16 13
2025-05-29 20:38:22,084 - DEBUG - STREAM b'gAMA' 41 4
2025-05-29 20:38:22,084 - DEBUG - STREAM b'iCCP' 57 2633
2025-05-29 20:38:22,084 - DEBUG - iCCP profile name b'sRGB IEC61966-2.1'
2025-05-29 20:38:22,085 - DEBUG - Compression method 0
2025-05-29 20:38:22,085 - DEBUG - STREAM b'cHRM' 2702 32
2025-05-29 20:38:22,085 - DEBUG - STREAM b'pHYs' 2746 9
2025-05-29 20:38:22,086 - DEBUG - STREAM b'IDAT' 2767 16562
2025-05-29 20:38:22,115 - DEBUG - STREAM b'IHDR' 16 13
2025-05-29 20:38:22,115 - DEBUG - STREAM b'gAMA' 41 4
2025-05-29 20:38:22,115 - DEBUG - STREAM b'iCCP' 57 2633
2025-05-29 20:38:22,116 - DEBUG - iCCP profile name b'sRGB IEC61966-2.1'
2025-05-29 20:38:22,116 - DEBUG - Compression method 0
2025-05-29 20:38:22,117 - DEBUG - STREAM b'cHRM' 2702 32
2025-05-29 20:38:22,117 - DEBUG - STREAM b'pHYs' 2746 9
2025-05-29 20:38:22,118 - DEBUG - STREAM b'IDAT' 2767 86423
2025-05-29 20:38:26,211 - DEBUG - Win Rate clicked!
2025-05-29 20:38:27,971 - DEBUG - Chain Start clicked!
2025-05-29 20:39:23,491 - DEBUG - Win Rate clicked!
2025-05-29 20:39:25,302 - DEBUG - Chain Start clicked!
2025-05-29 20:42:49,889 - DEBUG - Win Rate clicked!
2025-05-29 20:42:51,696 - DEBUG - Chain Start clicked!
2025-05-29 20:43:30,599 - DEBUG - Win Rate clicked!
2025-05-29 20:43:32,476 - DEBUG - Chain Start clicked!
2025-05-29 20:44:30,546 - DEBUG - Win Rate clicked!
2025-05-29 20:44:32,392 - DEBUG - Chain Start clicked!
2025-05-29 20:48:39,760 - DEBUG - Win Rate clicked!
2025-05-29 20:48:41,535 - DEBUG - Chain Start clicked!
2025-05-29 20:49:29,588 - DEBUG - STREAM b'IHDR' 16 13
2025-05-29 20:49:29,589 - DEBUG - STREAM b'gAMA' 41 4
2025-05-29 20:49:29,589 - DEBUG - STREAM b'iCCP' 57 2633
2025-05-29 20:49:29,590 - DEBUG - iCCP profile name b'sRGB IEC61966-2.1'
2025-05-29 20:49:29,590 - DEBUG - Compression method 0
2025-05-29 20:49:29,591 - DEBUG - STREAM b'cHRM' 2702 32
2025-05-29 20:49:29,591 - DEBUG - STREAM b'pHYs' 2746 9
2025-05-29 20:49:29,592 - DEBUG - STREAM b'IDAT' 2767 16562
2025-05-29 20:49:29,655 - DEBUG - STREAM b'IHDR' 16 13
2025-05-29 20:49:29,656 - DEBUG - STREAM b'gAMA' 41 4
2025-05-29 20:49:29,657 - DEBUG - STREAM b'iCCP' 57 2633
2025-05-29 20:49:29,657 - DEBUG - iCCP profile name b'sRGB IEC61966-2.1'
2025-05-29 20:49:29,658 - DEBUG - Compression method 0
2025-05-29 20:49:29,658 - DEBUG - STREAM b'cHRM' 2702 32
2025-05-29 20:49:29,659 - DEBUG - STREAM b'pHYs' 2746 9
2025-05-29 20:49:29,659 - DEBUG - STREAM b'IDAT' 2767 86423
2025-05-29 20:49:46,580 - DEBUG - Win Rate clicked!
2025-05-29 20:49:48,766 - DEBUG - Win Rate clicked!
2025-05-29 20:49:49,476 - DEBUG - Chain Start clicked!
2025-05-29 20:49:50,643 - DEBUG - Win Rate clicked!
2025-05-29 20:49:51,323 - DEBUG - Chain Start clicked!
2025-05-29 20:49:54,264 - DEBUG - Chain Start clicked!
2025-05-29 20:55:21,083 - DEBUG - Win Rate clicked!
2025-05-29 20:55:21,751 - DEBUG - Chain Start clicked!
2025-05-29 20:58:11,761 - DEBUG - STREAM b'IHDR' 16 13
2025-05-29 20:58:11,762 - DEBUG - STREAM b'gAMA' 41 4
2025-05-29 20:58:11,762 - DEBUG - STREAM b'iCCP' 57 2633
2025-05-29 20:58:11,762 - DEBUG - iCCP profile name b'sRGB IEC61966-2.1'
2025-05-29 20:58:11,762 - DEBUG - Compression method 0
2025-05-29 20:58:11,763 - DEBUG - STREAM b'cHRM' 2702 32
2025-05-29 20:58:11,763 - DEBUG - STREAM b'pHYs' 2746 9
2025-05-29 20:58:11,763 - DEBUG - STREAM b'IDAT' 2767 16562
2025-05-29 20:58:11,792 - DEBUG - STREAM b'IHDR' 16 13
2025-05-29 20:58:11,793 - DEBUG - STREAM b'gAMA' 41 4
2025-05-29 20:58:11,793 - DEBUG - STREAM b'iCCP' 57 2633
2025-05-29 20:58:11,794 - DEBUG - iCCP profile name b'sRGB IEC61966-2.1'
2025-05-29 20:58:11,794 - DEBUG - Compression method 0
2025-05-29 20:58:11,795 - DEBUG - STREAM b'cHRM' 2702 32
2025-05-29 20:58:11,795 - DEBUG - STREAM b'pHYs' 2746 9
2025-05-29 20:58:11,795 - DEBUG - STREAM b'IDAT' 2767 86423
2025-05-29 20:58:15,060 - DEBUG - Win Rate clicked!
2025-05-29 20:58:15,702 - DEBUG - Chain Start clicked!
2025-05-29 21:02:46,743 - DEBUG - STREAM b'IHDR' 16 13
2025-05-29 21:02:46,743 - DEBUG - STREAM b'gAMA' 41 4
2025-05-29 21:02:46,743 - DEBUG - STREAM b'iCCP' 57 2633
2025-05-29 21:02:46,744 - DEBUG - iCCP profile name b'sRGB IEC61966-2.1'
2025-05-29 21:02:46,744 - DEBUG - Compression method 0
2025-05-29 21:02:46,745 - DEBUG - STREAM b'cHRM' 2702 32
2025-05-29 21:02:46,745 - DEBUG - STREAM b'pHYs' 2746 9
2025-05-29 21:02:46,745 - DEBUG - STREAM b'IDAT' 2767 16562
2025-05-29 21:02:46,791 - DEBUG - STREAM b'IHDR' 16 13
2025-05-29 21:02:46,791 - DEBUG - STREAM b'gAMA' 41 4
2025-05-29 21:02:46,792 - DEBUG - STREAM b'iCCP' 57 2633
2025-05-29 21:02:46,793 - DEBUG - iCCP profile name b'sRGB IEC61966-2.1'
2025-05-29 21:02:46,793 - DEBUG - Compression method 0
2025-05-29 21:02:46,793 - DEBUG - STREAM b'cHRM' 2702 32
2025-05-29 21:02:46,794 - DEBUG - STREAM b'pHYs' 2746 9
2025-05-29 21:02:46,795 - DEBUG - STREAM b'IDAT' 2767 86423
2025-05-29 21:06:21,805 - DEBUG - Win Rate clicked!
2025-05-29 21:06:22,460 - DEBUG - Chain Start clicked!
2025-05-29 21:11:57,133 - DEBUG - Win Rate clicked!
2025-05-29 21:11:57,806 - DEBUG - Chain Start clicked!
2025-05-29 21:15:07,851 - DEBUG - Win Rate clicked!
2025-05-29 21:15:08,511 - DEBUG - Chain Start clicked!
2025-05-29 21:16:15,334 - DEBUG - STREAM b'IHDR' 16 13
2025-05-29 21:16:15,334 - DEBUG - STREAM b'gAMA' 41 4
2025-05-29 21:16:15,335 - DEBUG - STREAM b'iCCP' 57 2633
2025-05-29 21:16:15,335 - DEBUG - iCCP profile name b'sRGB IEC61966-2.1'
2025-05-29 21:16:15,336 - DEBUG - Compression method 0
2025-05-29 21:16:15,336 - DEBUG - STREAM b'cHRM' 2702 32
2025-05-29 21:16:15,336 - DEBUG - STREAM b'pHYs' 2746 9
2025-05-29 21:16:15,337 - DEBUG - STREAM b'IDAT' 2767 16562
2025-05-29 21:16:15,368 - DEBUG - STREAM b'IHDR' 16 13
2025-05-29 21:16:15,369 - DEBUG - STREAM b'gAMA' 41 4
2025-05-29 21:16:15,369 - DEBUG - STREAM b'iCCP' 57 2633
2025-05-29 21:16:15,369 - DEBUG - iCCP profile name b'sRGB IEC61966-2.1'
2025-05-29 21:16:15,370 - DEBUG - Compression method 0
2025-05-29 21:16:15,370 - DEBUG - STREAM b'cHRM' 2702 32
2025-05-29 21:16:15,371 - DEBUG - STREAM b'pHYs' 2746 9
2025-05-29 21:16:15,371 - DEBUG - STREAM b'IDAT' 2767 86423
2025-05-29 21:16:26,896 - DEBUG - Win Rate clicked!
2025-05-29 21:16:27,572 - DEBUG - Chain Start clicked!
2025-05-29 21:16:28,324 - DEBUG - Win Rate clicked!
2025-05-29 21:16:28,988 - DEBUG - Chain Start clicked!
2025-05-29 21:16:29,603 - DEBUG - Win Rate clicked!
2025-05-29 21:22:53,074 - DEBUG - Win Rate clicked!
2025-05-29 21:22:53,638 - DEBUG - Chain Start clicked!
2025-05-29 21:22:54,205 - DEBUG - Win Rate clicked!
2025-05-29 21:22:55,617 - DEBUG - Chain Start clicked!
2025-05-29 21:22:59,711 - DEBUG - Win Rate clicked!
2025-05-29 21:23:01,168 - DEBUG - Chain Start clicked!
2025-05-29 21:23:03,455 - DEBUG - Chain Start clicked!
2025-05-29 21:24:45,482 - DEBUG - Win Rate clicked!
2025-05-29 21:24:46,136 - DEBUG - Chain Start clicked!
2025-05-29 21:24:46,761 - DEBUG - Win Rate clicked!
2025-05-29 21:25:32,316 - DEBUG - Win Rate clicked!
2025-05-29 21:25:32,920 - DEBUG - Chain Start clicked!
2025-05-29 21:34:28,008 - DEBUG - Win Rate clicked!
2025-05-29 21:34:28,633 - DEBUG - Chain Start clicked!
2025-05-29 21:34:29,246 - DEBUG - Win Rate clicked!
2025-05-29 21:35:33,669 - DEBUG - Win Rate clicked!
2025-05-29 21:35:34,252 - DEBUG - Chain Start clicked!
2025-05-29 21:35:34,829 - DEBUG - Win Rate clicked!
2025-05-29 21:35:39,291 - DEBUG - Chain Start clicked!
2025-05-29 21:36:58,602 - DEBUG - Win Rate clicked!
2025-05-29 21:36:59,206 - DEBUG - Chain Start clicked!
2025-05-29 21:36:59,826 - DEBUG - Win Rate clicked!
2025-05-29 21:38:17,973 - DEBUG - Win Rate clicked!
2025-05-29 21:38:18,589 - DEBUG - Chain Start clicked!
2025-05-29 21:38:19,172 - DEBUG - Win Rate clicked!
2025-05-29 21:38:19,792 - DEBUG - Chain Start clicked!
2025-05-29 21:38:22,394 - DEBUG - Chain Start clicked!
2025-05-29 21:38:44,129 - DEBUG - Chain Start clicked!
2025-05-29 21:39:51,424 - DEBUG - Win Rate clicked!
2025-05-29 21:39:52,027 - DEBUG - Chain Start clicked!
2025-05-29 21:39:52,680 - DEBUG - Win Rate clicked!
2025-05-29 21:39:53,323 - DEBUG - Chain Start clicked!
2025-05-29 21:41:42,852 - DEBUG - Win Rate clicked!
2025-05-29 21:41:43,498 - DEBUG - Chain Start clicked!
2025-05-29 21:41:44,119 - DEBUG - Win Rate clicked!
2025-05-29 21:53:05,901 - DEBUG - STREAM b'IHDR' 16 13
2025-05-29 21:53:05,902 - DEBUG - STREAM b'gAMA' 41 4
2025-05-29 21:53:05,903 - DEBUG - STREAM b'iCCP' 57 2633
2025-05-29 21:53:05,903 - DEBUG - iCCP profile name b'sRGB IEC61966-2.1'
2025-05-29 21:53:05,904 - DEBUG - Compression method 0
2025-05-29 21:53:05,905 - DEBUG - STREAM b'cHRM' 2702 32
2025-05-29 21:53:05,906 - DEBUG - STREAM b'pHYs' 2746 9
2025-05-29 21:53:05,906 - DEBUG - STREAM b'IDAT' 2767 16562
2025-05-29 21:53:05,943 - DEBUG - STREAM b'IHDR' 16 13
2025-05-29 21:53:05,944 - DEBUG - STREAM b'gAMA' 41 4
2025-05-29 21:53:05,945 - DEBUG - STREAM b'iCCP' 57 2633
2025-05-29 21:53:05,945 - DEBUG - iCCP profile name b'sRGB IEC61966-2.1'
2025-05-29 21:53:05,945 - DEBUG - Compression method 0
2025-05-29 21:53:05,946 - DEBUG - STREAM b'cHRM' 2702 32
2025-05-29 21:53:05,946 - DEBUG - STREAM b'pHYs' 2746 9
2025-05-29 21:53:05,947 - DEBUG - STREAM b'IDAT' 2767 86423
2025-05-29 21:58:49,534 - DEBUG - STREAM b'IHDR' 16 13
2025-05-29 21:58:49,534 - DEBUG - STREAM b'gAMA' 41 4
2025-05-29 21:58:49,535 - DEBUG - STREAM b'iCCP' 57 2633
2025-05-29 21:58:49,535 - DEBUG - iCCP profile name b'sRGB IEC61966-2.1'
2025-05-29 21:58:49,536 - DEBUG - Compression method 0
2025-05-29 21:58:49,536 - DEBUG - STREAM b'cHRM' 2702 32
2025-05-29 21:58:49,537 - DEBUG - STREAM b'pHYs' 2746 9
2025-05-29 21:58:49,537 - DEBUG - STREAM b'IDAT' 2767 16562
2025-05-29 21:58:49,568 - DEBUG - STREAM b'IHDR' 16 13
2025-05-29 21:58:49,569 - DEBUG - STREAM b'gAMA' 41 4
2025-05-29 21:58:49,569 - DEBUG - STREAM b'iCCP' 57 2633
2025-05-29 21:58:49,569 - DEBUG - iCCP profile name b'sRGB IEC61966-2.1'
2025-05-29 21:58:49,570 - DEBUG - Compression method 0
2025-05-29 21:58:49,570 - DEBUG - STREAM b'cHRM' 2702 32
2025-05-29 21:58:49,571 - DEBUG - STREAM b'pHYs' 2746 9
2025-05-29 21:58:49,571 - DEBUG - STREAM b'IDAT' 2767 86423
2025-05-29 22:05:27,735 - DEBUG - STREAM b'IHDR' 16 13
2025-05-29 22:05:27,736 - DEBUG - STREAM b'gAMA' 41 4
2025-05-29 22:05:27,736 - DEBUG - STREAM b'iCCP' 57 2633
2025-05-29 22:05:27,738 - DEBUG - iCCP profile name b'sRGB IEC61966-2.1'
2025-05-29 22:05:27,738 - DEBUG - Compression method 0
2025-05-29 22:05:27,739 - DEBUG - STREAM b'cHRM' 2702 32
2025-05-29 22:05:27,741 - DEBUG - STREAM b'pHYs' 2746 9
2025-05-29 22:05:27,741 - DEBUG - STREAM b'IDAT' 2767 16562
2025-05-29 22:05:27,799 - DEBUG - STREAM b'IHDR' 16 13
2025-05-29 22:05:27,800 - DEBUG - STREAM b'gAMA' 41 4
2025-05-29 22:05:27,801 - DEBUG - STREAM b'iCCP' 57 2633
2025-05-29 22:05:27,803 - DEBUG - iCCP profile name b'sRGB IEC61966-2.1'
2025-05-29 22:05:27,803 - DEBUG - Compression method 0
2025-05-29 22:05:27,805 - DEBUG - STREAM b'cHRM' 2702 32
2025-05-29 22:05:27,805 - DEBUG - STREAM b'pHYs' 2746 9
2025-05-29 22:05:27,806 - DEBUG - STREAM b'IDAT' 2767 86423
2025-05-29 22:10:33,349 - DEBUG - STREAM b'IHDR' 16 13
2025-05-29 22:10:33,349 - DEBUG - STREAM b'gAMA' 41 4
2025-05-29 22:10:33,350 - DEBUG - STREAM b'iCCP' 57 2633
2025-05-29 22:10:33,350 - DEBUG - iCCP profile name b'sRGB IEC61966-2.1'
2025-05-29 22:10:33,350 - DEBUG - Compression method 0
2025-05-29 22:10:33,351 - DEBUG - STREAM b'cHRM' 2702 32
2025-05-29 22:10:33,351 - DEBUG - STREAM b'pHYs' 2746 9
2025-05-29 22:10:33,351 - DEBUG - STREAM b'IDAT' 2767 16562
2025-05-29 22:10:33,376 - DEBUG - STREAM b'IHDR' 16 13
2025-05-29 22:10:33,376 - DEBUG - STREAM b'gAMA' 41 4
2025-05-29 22:10:33,376 - DEBUG - STREAM b'iCCP' 57 2633
2025-05-29 22:10:33,377 - DEBUG - iCCP profile name b'sRGB IEC61966-2.1'
2025-05-29 22:10:33,377 - DEBUG - Compression method 0
2025-05-29 22:10:33,378 - DEBUG - STREAM b'cHRM' 2702 32
2025-05-29 22:10:33,378 - DEBUG - STREAM b'pHYs' 2746 9
2025-05-29 22:10:33,379 - DEBUG - STREAM b'IDAT' 2767 86423
2025-05-29 22:11:25,509 - DEBUG - STREAM b'IHDR' 16 13
2025-05-29 22:11:25,509 - DEBUG - STREAM b'gAMA' 41 4
2025-05-29 22:11:25,509 - DEBUG - STREAM b'iCCP' 57 2633
2025-05-29 22:11:25,509 - DEBUG - iCCP profile name b'sRGB IEC61966-2.1'
2025-05-29 22:11:25,510 - DEBUG - Compression method 0
2025-05-29 22:11:25,510 - DEBUG - STREAM b'cHRM' 2702 32
2025-05-29 22:11:25,510 - DEBUG - STREAM b'pHYs' 2746 9
2025-05-29 22:11:25,511 - DEBUG - STREAM b'IDAT' 2767 16562
2025-05-29 22:11:25,533 - DEBUG - STREAM b'IHDR' 16 13
2025-05-29 22:11:25,533 - DEBUG - STREAM b'gAMA' 41 4
2025-05-29 22:11:25,534 - DEBUG - STREAM b'iCCP' 57 2633
2025-05-29 22:11:25,534 - DEBUG - iCCP profile name b'sRGB IEC61966-2.1'
2025-05-29 22:11:25,534 - DEBUG - Compression method 0
2025-05-29 22:11:25,534 - DEBUG - STREAM b'cHRM' 2702 32
2025-05-29 22:11:25,535 - DEBUG - STREAM b'pHYs' 2746 9
2025-05-29 22:11:25,535 - DEBUG - STREAM b'IDAT' 2767 86423
2025-05-29 22:19:28,253 - DEBUG - STREAM b'IHDR' 16 13
2025-05-29 22:19:28,254 - DEBUG - STREAM b'gAMA' 41 4
2025-05-29 22:19:28,254 - DEBUG - STREAM b'iCCP' 57 2633
2025-05-29 22:19:28,255 - DEBUG - iCCP profile name b'sRGB IEC61966-2.1'
2025-05-29 22:19:28,255 - DEBUG - Compression method 0
2025-05-29 22:19:28,256 - DEBUG - STREAM b'cHRM' 2702 32
2025-05-29 22:19:28,256 - DEBUG - STREAM b'pHYs' 2746 9
2025-05-29 22:19:28,256 - DEBUG - STREAM b'IDAT' 2767 16562
2025-05-29 22:19:28,298 - DEBUG - STREAM b'IHDR' 16 13
2025-05-29 22:19:28,298 - DEBUG - STREAM b'gAMA' 41 4
2025-05-29 22:19:28,299 - DEBUG - STREAM b'iCCP' 57 2633
2025-05-29 22:19:28,300 - DEBUG - iCCP profile name b'sRGB IEC61966-2.1'
2025-05-29 22:19:28,300 - DEBUG - Compression method 0
2025-05-29 22:19:28,300 - DEBUG - STREAM b'cHRM' 2702 32
2025-05-29 22:19:28,300 - DEBUG - STREAM b'pHYs' 2746 9
2025-05-29 22:19:28,301 - DEBUG - STREAM b'IDAT' 2767 86423
2025-05-29 22:19:55,812 - DEBUG - STREAM b'IHDR' 16 13
2025-05-29 22:19:55,813 - DEBUG - STREAM b'gAMA' 41 4
2025-05-29 22:19:55,813 - DEBUG - STREAM b'iCCP' 57 2633
2025-05-29 22:19:55,814 - DEBUG - iCCP profile name b'sRGB IEC61966-2.1'
2025-05-29 22:19:55,814 - DEBUG - Compression method 0
2025-05-29 22:19:55,815 - DEBUG - STREAM b'cHRM' 2702 32
2025-05-29 22:19:55,815 - DEBUG - STREAM b'pHYs' 2746 9
2025-05-29 22:19:55,815 - DEBUG - STREAM b'IDAT' 2767 16562
2025-05-29 22:19:55,857 - DEBUG - STREAM b'IHDR' 16 13
2025-05-29 22:19:55,858 - DEBUG - STREAM b'gAMA' 41 4
2025-05-29 22:19:55,860 - DEBUG - STREAM b'iCCP' 57 2633
2025-05-29 22:19:55,861 - DEBUG - iCCP profile name b'sRGB IEC61966-2.1'
2025-05-29 22:19:55,862 - DEBUG - Compression method 0
2025-05-29 22:19:55,863 - DEBUG - STREAM b'cHRM' 2702 32
2025-05-29 22:19:55,864 - DEBUG - STREAM b'pHYs' 2746 9
2025-05-29 22:19:55,864 - DEBUG - STREAM b'IDAT' 2767 86423
2025-05-29 22:35:39,755 - DEBUG - STREAM b'IHDR' 16 13
2025-05-29 22:35:39,756 - DEBUG - STREAM b'gAMA' 41 4
2025-05-29 22:35:39,756 - DEBUG - STREAM b'iCCP' 57 2633
2025-05-29 22:35:39,756 - DEBUG - iCCP profile name b'sRGB IEC61966-2.1'
2025-05-29 22:35:39,757 - DEBUG - Compression method 0
2025-05-29 22:35:39,758 - DEBUG - STREAM b'cHRM' 2702 32
2025-05-29 22:35:39,758 - DEBUG - STREAM b'pHYs' 2746 9
2025-05-29 22:35:39,759 - DEBUG - STREAM b'IDAT' 2767 16562
2025-05-29 22:35:39,791 - DEBUG - STREAM b'IHDR' 16 13
2025-05-29 22:35:39,791 - DEBUG - STREAM b'gAMA' 41 4
2025-05-29 22:35:39,791 - DEBUG - STREAM b'iCCP' 57 2633
2025-05-29 22:35:39,792 - DEBUG - iCCP profile name b'sRGB IEC61966-2.1'
2025-05-29 22:35:39,792 - DEBUG - Compression method 0
2025-05-29 22:35:39,792 - DEBUG - STREAM b'cHRM' 2702 32
2025-05-29 22:35:39,793 - DEBUG - STREAM b'pHYs' 2746 9
2025-05-29 22:35:39,793 - DEBUG - STREAM b'IDAT' 2767 86423
2025-05-29 22:45:09,492 - DEBUG - STREAM b'IHDR' 16 13
2025-05-29 22:45:09,492 - DEBUG - STREAM b'gAMA' 41 4
2025-05-29 22:45:09,492 - DEBUG - STREAM b'iCCP' 57 2633
2025-05-29 22:45:09,493 - DEBUG - iCCP profile name b'sRGB IEC61966-2.1'
2025-05-29 22:45:09,493 - DEBUG - Compression method 0
2025-05-29 22:45:09,493 - DEBUG - STREAM b'cHRM' 2702 32
2025-05-29 22:45:09,493 - DEBUG - STREAM b'pHYs' 2746 9
2025-05-29 22:45:09,493 - DEBUG - STREAM b'IDAT' 2767 16562
2025-05-29 22:45:09,511 - DEBUG - STREAM b'IHDR' 16 13
2025-05-29 22:45:09,512 - DEBUG - STREAM b'gAMA' 41 4
2025-05-29 22:45:09,512 - DEBUG - STREAM b'iCCP' 57 2633
2025-05-29 22:45:09,512 - DEBUG - iCCP profile name b'sRGB IEC61966-2.1'
2025-05-29 22:45:09,512 - DEBUG - Compression method 0
2025-05-29 22:45:09,512 - DEBUG - STREAM b'cHRM' 2702 32
2025-05-29 22:45:09,512 - DEBUG - STREAM b'pHYs' 2746 9
2025-05-29 22:45:09,513 - DEBUG - STREAM b'IDAT' 2767 86423
2025-05-29 22:48:26,473 - DEBUG - STREAM b'IHDR' 16 13
2025-05-29 22:48:26,473 - DEBUG - STREAM b'gAMA' 41 4
2025-05-29 22:48:26,474 - DEBUG - STREAM b'iCCP' 57 2633
2025-05-29 22:48:26,474 - DEBUG - iCCP profile name b'sRGB IEC61966-2.1'
2025-05-29 22:48:26,474 - DEBUG - Compression method 0
2025-05-29 22:48:26,474 - DEBUG - STREAM b'cHRM' 2702 32
2025-05-29 22:48:26,475 - DEBUG - STREAM b'pHYs' 2746 9
2025-05-29 22:48:26,475 - DEBUG - STREAM b'IDAT' 2767 16562
2025-05-29 22:48:26,493 - DEBUG - STREAM b'IHDR' 16 13
2025-05-29 22:48:26,494 - DEBUG - STREAM b'gAMA' 41 4
2025-05-29 22:48:26,494 - DEBUG - STREAM b'iCCP' 57 2633
2025-05-29 22:48:26,494 - DEBUG - iCCP profile name b'sRGB IEC61966-2.1'
2025-05-29 22:48:26,494 - DEBUG - Compression method 0
2025-05-29 22:48:26,495 - DEBUG - STREAM b'cHRM' 2702 32
2025-05-29 22:48:26,495 - DEBUG - STREAM b'pHYs' 2746 9
2025-05-29 22:48:26,495 - DEBUG - STREAM b'IDAT' 2767 86423
2025-05-29 22:49:27,368 - DEBUG - STREAM b'IHDR' 16 13
2025-05-29 22:49:27,368 - DEBUG - STREAM b'gAMA' 41 4
2025-05-29 22:49:27,369 - DEBUG - STREAM b'iCCP' 57 2633
2025-05-29 22:49:27,369 - DEBUG - iCCP profile name b'sRGB IEC61966-2.1'
2025-05-29 22:49:27,369 - DEBUG - Compression method 0
2025-05-29 22:49:27,369 - DEBUG - STREAM b'cHRM' 2702 32
2025-05-29 22:49:27,369 - DEBUG - STREAM b'pHYs' 2746 9
2025-05-29 22:49:27,369 - DEBUG - STREAM b'IDAT' 2767 16562
2025-05-29 22:49:27,390 - DEBUG - STREAM b'IHDR' 16 13
2025-05-29 22:49:27,390 - DEBUG - STREAM b'gAMA' 41 4
2025-05-29 22:49:27,390 - DEBUG - STREAM b'iCCP' 57 2633
2025-05-29 22:49:27,390 - DEBUG - iCCP profile name b'sRGB IEC61966-2.1'
2025-05-29 22:49:27,390 - DEBUG - Compression method 0
2025-05-29 22:49:27,390 - DEBUG - STREAM b'cHRM' 2702 32
2025-05-29 22:49:27,390 - DEBUG - STREAM b'pHYs' 2746 9
2025-05-29 22:49:27,390 - DEBUG - STREAM b'IDAT' 2767 86423
2025-05-29 22:50:07,558 - DEBUG - STREAM b'IHDR' 16 13
2025-05-29 22:50:07,558 - DEBUG - STREAM b'gAMA' 41 4
2025-05-29 22:50:07,558 - DEBUG - STREAM b'iCCP' 57 2633
2025-05-29 22:50:07,558 - DEBUG - iCCP profile name b'sRGB IEC61966-2.1'
2025-05-29 22:50:07,559 - DEBUG - Compression method 0
2025-05-29 22:50:07,559 - DEBUG - STREAM b'cHRM' 2702 32
2025-05-29 22:50:07,559 - DEBUG - STREAM b'pHYs' 2746 9
2025-05-29 22:50:07,559 - DEBUG - STREAM b'IDAT' 2767 16562
2025-05-29 22:50:07,593 - DEBUG - STREAM b'IHDR' 16 13
2025-05-29 22:50:07,593 - DEBUG - STREAM b'gAMA' 41 4
2025-05-29 22:50:07,593 - DEBUG - STREAM b'iCCP' 57 2633
2025-05-29 22:50:07,593 - DEBUG - iCCP profile name b'sRGB IEC61966-2.1'
2025-05-29 22:50:07,593 - DEBUG - Compression method 0
2025-05-29 22:50:07,594 - DEBUG - STREAM b'cHRM' 2702 32
2025-05-29 22:50:07,594 - DEBUG - STREAM b'pHYs' 2746 9
2025-05-29 22:50:07,594 - DEBUG - STREAM b'IDAT' 2767 86423
2025-05-29 22:52:03,725 - DEBUG - STREAM b'IHDR' 16 13
2025-05-29 22:52:03,725 - DEBUG - STREAM b'gAMA' 41 4
2025-05-29 22:52:03,726 - DEBUG - STREAM b'iCCP' 57 2633
2025-05-29 22:52:03,726 - DEBUG - iCCP profile name b'sRGB IEC61966-2.1'
2025-05-29 22:52:03,726 - DEBUG - Compression method 0
2025-05-29 22:52:03,727 - DEBUG - STREAM b'cHRM' 2702 32
2025-05-29 22:52:03,727 - DEBUG - STREAM b'pHYs' 2746 9
2025-05-29 22:52:03,727 - DEBUG - STREAM b'IDAT' 2767 16562
2025-05-29 22:52:03,749 - DEBUG - STREAM b'IHDR' 16 13
2025-05-29 22:52:03,750 - DEBUG - STREAM b'gAMA' 41 4
2025-05-29 22:52:03,750 - DEBUG - STREAM b'iCCP' 57 2633
2025-05-29 22:52:03,750 - DEBUG - iCCP profile name b'sRGB IEC61966-2.1'
2025-05-29 22:52:03,750 - DEBUG - Compression method 0
2025-05-29 22:52:03,750 - DEBUG - STREAM b'cHRM' 2702 32
2025-05-29 22:52:03,750 - DEBUG - STREAM b'pHYs' 2746 9
2025-05-29 22:52:03,750 - DEBUG - STREAM b'IDAT' 2767 86423
2025-05-29 22:52:32,099 - DEBUG - STREAM b'IHDR' 16 13
2025-05-29 22:52:32,100 - DEBUG - STREAM b'gAMA' 41 4
2025-05-29 22:52:32,100 - DEBUG - STREAM b'iCCP' 57 2633
2025-05-29 22:52:32,100 - DEBUG - iCCP profile name b'sRGB IEC61966-2.1'
2025-05-29 22:52:32,100 - DEBUG - Compression method 0
2025-05-29 22:52:32,100 - DEBUG - STREAM b'cHRM' 2702 32
2025-05-29 22:52:32,100 - DEBUG - STREAM b'pHYs' 2746 9
2025-05-29 22:52:32,100 - DEBUG - STREAM b'IDAT' 2767 16562
2025-05-29 22:52:32,118 - DEBUG - STREAM b'IHDR' 16 13
2025-05-29 22:52:32,118 - DEBUG - STREAM b'gAMA' 41 4
2025-05-29 22:52:32,118 - DEBUG - STREAM b'iCCP' 57 2633
2025-05-29 22:52:32,118 - DEBUG - iCCP profile name b'sRGB IEC61966-2.1'
2025-05-29 22:52:32,118 - DEBUG - Compression method 0
2025-05-29 22:52:32,118 - DEBUG - STREAM b'cHRM' 2702 32
2025-05-29 22:52:32,119 - DEBUG - STREAM b'pHYs' 2746 9
2025-05-29 22:52:32,119 - DEBUG - STREAM b'IDAT' 2767 86423
2025-05-29 22:53:00,673 - DEBUG - STREAM b'IHDR' 16 13
2025-05-29 22:53:00,674 - DEBUG - STREAM b'gAMA' 41 4
2025-05-29 22:53:00,674 - DEBUG - STREAM b'iCCP' 57 2633
2025-05-29 22:53:00,674 - DEBUG - iCCP profile name b'sRGB IEC61966-2.1'
2025-05-29 22:53:00,674 - DEBUG - Compression method 0
2025-05-29 22:53:00,674 - DEBUG - STREAM b'cHRM' 2702 32
2025-05-29 22:53:00,674 - DEBUG - STREAM b'pHYs' 2746 9
2025-05-29 22:53:00,674 - DEBUG - STREAM b'IDAT' 2767 16562
2025-05-29 22:53:00,697 - DEBUG - STREAM b'IHDR' 16 13
2025-05-29 22:53:00,698 - DEBUG - STREAM b'gAMA' 41 4
2025-05-29 22:53:00,698 - DEBUG - STREAM b'iCCP' 57 2633
2025-05-29 22:53:00,698 - DEBUG - iCCP profile name b'sRGB IEC61966-2.1'
2025-05-29 22:53:00,698 - DEBUG - Compression method 0
2025-05-29 22:53:00,698 - DEBUG - STREAM b'cHRM' 2702 32
2025-05-29 22:53:00,698 - DEBUG - STREAM b'pHYs' 2746 9
2025-05-29 22:53:00,699 - DEBUG - STREAM b'IDAT' 2767 86423
2025-05-29 23:26:53,996 - DEBUG - STREAM b'IHDR' 16 13
2025-05-29 23:26:53,996 - DEBUG - STREAM b'gAMA' 41 4
2025-05-29 23:26:53,996 - DEBUG - STREAM b'iCCP' 57 2633
2025-05-29 23:26:53,996 - DEBUG - iCCP profile name b'sRGB IEC61966-2.1'
2025-05-29 23:26:53,997 - DEBUG - Compression method 0
2025-05-29 23:26:53,997 - DEBUG - STREAM b'cHRM' 2702 32
2025-05-29 23:26:53,997 - DEBUG - STREAM b'pHYs' 2746 9
2025-05-29 23:26:53,997 - DEBUG - STREAM b'IDAT' 2767 16562
2025-05-29 23:26:54,018 - DEBUG - STREAM b'IHDR' 16 13
2025-05-29 23:26:54,018 - DEBUG - STREAM b'gAMA' 41 4
2025-05-29 23:26:54,018 - DEBUG - STREAM b'iCCP' 57 2633
2025-05-29 23:26:54,018 - DEBUG - iCCP profile name b'sRGB IEC61966-2.1'
2025-05-29 23:26:54,018 - DEBUG - Compression method 0
2025-05-29 23:26:54,018 - DEBUG - STREAM b'cHRM' 2702 32
2025-05-29 23:26:54,018 - DEBUG - STREAM b'pHYs' 2746 9
2025-05-29 23:26:54,018 - DEBUG - STREAM b'IDAT' 2767 86423
2025-05-29 23:28:05,866 - DEBUG - STREAM b'IHDR' 16 13
2025-05-29 23:28:05,866 - DEBUG - STREAM b'gAMA' 41 4
2025-05-29 23:28:05,866 - DEBUG - STREAM b'iCCP' 57 2633
2025-05-29 23:28:05,866 - DEBUG - iCCP profile name b'sRGB IEC61966-2.1'
2025-05-29 23:28:05,867 - DEBUG - Compression method 0
2025-05-29 23:28:05,867 - DEBUG - STREAM b'cHRM' 2702 32
2025-05-29 23:28:05,867 - DEBUG - STREAM b'pHYs' 2746 9
2025-05-29 23:28:05,867 - DEBUG - STREAM b'IDAT' 2767 16562
2025-05-29 23:28:05,906 - DEBUG - STREAM b'IHDR' 16 13
2025-05-29 23:28:05,906 - DEBUG - STREAM b'gAMA' 41 4
2025-05-29 23:28:05,906 - DEBUG - STREAM b'iCCP' 57 2633
2025-05-29 23:28:05,906 - DEBUG - iCCP profile name b'sRGB IEC61966-2.1'
2025-05-29 23:28:05,906 - DEBUG - Compression method 0
2025-05-29 23:28:05,906 - DEBUG - STREAM b'cHRM' 2702 32
2025-05-29 23:28:05,906 - DEBUG - STREAM b'pHYs' 2746 9
2025-05-29 23:28:05,907 - DEBUG - STREAM b'IDAT' 2767 86423
2025-05-29 23:29:30,653 - DEBUG - STREAM b'IHDR' 16 13
2025-05-29 23:29:30,653 - DEBUG - STREAM b'gAMA' 41 4
2025-05-29 23:29:30,654 - DEBUG - STREAM b'iCCP' 57 2633
2025-05-29 23:29:30,654 - DEBUG - iCCP profile name b'sRGB IEC61966-2.1'
2025-05-29 23:29:30,654 - DEBUG - Compression method 0
2025-05-29 23:29:30,654 - DEBUG - STREAM b'cHRM' 2702 32
2025-05-29 23:29:30,654 - DEBUG - STREAM b'pHYs' 2746 9
2025-05-29 23:29:30,654 - DEBUG - STREAM b'IDAT' 2767 16562
2025-05-29 23:29:30,693 - DEBUG - STREAM b'IHDR' 16 13
2025-05-29 23:29:30,693 - DEBUG - STREAM b'gAMA' 41 4
2025-05-29 23:29:30,693 - DEBUG - STREAM b'iCCP' 57 2633
2025-05-29 23:29:30,693 - DEBUG - iCCP profile name b'sRGB IEC61966-2.1'
2025-05-29 23:29:30,693 - DEBUG - Compression method 0
2025-05-29 23:29:30,694 - DEBUG - STREAM b'cHRM' 2702 32
2025-05-29 23:29:30,694 - DEBUG - STREAM b'pHYs' 2746 9
2025-05-29 23:29:30,694 - DEBUG - STREAM b'IDAT' 2767 86423
2025-05-29 23:57:17,208 - DEBUG - STREAM b'IHDR' 16 13
2025-05-29 23:57:17,209 - DEBUG - STREAM b'gAMA' 41 4
2025-05-29 23:57:17,209 - DEBUG - STREAM b'iCCP' 57 2633
2025-05-29 23:57:17,210 - DEBUG - iCCP profile name b'sRGB IEC61966-2.1'
2025-05-29 23:57:17,210 - DEBUG - Compression method 0
2025-05-29 23:57:17,210 - DEBUG - STREAM b'cHRM' 2702 32
2025-05-29 23:57:17,211 - DEBUG - STREAM b'pHYs' 2746 9
2025-05-29 23:57:17,211 - DEBUG - STREAM b'IDAT' 2767 16562
2025-05-29 23:57:17,239 - DEBUG - STREAM b'IHDR' 16 13
2025-05-29 23:57:17,239 - DEBUG - STREAM b'gAMA' 41 4
2025-05-29 23:57:17,240 - DEBUG - STREAM b'iCCP' 57 2633
2025-05-29 23:57:17,240 - DEBUG - iCCP profile name b'sRGB IEC61966-2.1'
2025-05-29 23:57:17,240 - DEBUG - Compression method 0
2025-05-29 23:57:17,240 - DEBUG - STREAM b'cHRM' 2702 32
2025-05-29 23:57:17,241 - DEBUG - STREAM b'pHYs' 2746 9
2025-05-29 23:57:17,241 - DEBUG - STREAM b'IDAT' 2767 86423
